running install
running bdist_egg
running egg_info
creating pyro4tunneling.egg-info
writing requirements to pyro4tunneling.egg-info/requires.txt
writing pyro4tunneling.egg-info/PKG-INFO
writing dependency_links to pyro4tunneling.egg-info/dependency_links.txt
writing top-level names to pyro4tunneling.egg-info/top_level.txt
writing manifest file 'pyro4tunneling.egg-info/SOURCES.txt'
error: package directory 'pyro4tunneling' does not exist
running install
running bdist_egg
running egg_info
writing requirements to pyro4tunneling.egg-info/requires.txt
writing top-level names to pyro4tunneling.egg-info/top_level.txt
writing dependency_links to pyro4tunneling.egg-info/dependency_links.txt
writing pyro4tunneling.egg-info/PKG-INFO
reading manifest file 'pyro4tunneling.egg-info/SOURCES.txt'
writing manifest file 'pyro4tunneling.egg-info/SOURCES.txt'
installing library code to build/bdist.linux-x86_64/egg
running install_lib
running build_py
creating build/bdist.linux-x86_64/egg
creating build/bdist.linux-x86_64/egg/pyro4tunneling
copying build/lib/pyro4tunneling/configuration.py -> build/bdist.linux-x86_64/egg/pyro4tunneling
copying build/lib/pyro4tunneling/autoreconnectingproxy.py -> build/bdist.linux-x86_64/egg/pyro4tunneling
copying build/lib/pyro4tunneling/__init__.py -> build/bdist.linux-x86_64/egg/pyro4tunneling
copying build/lib/pyro4tunneling/pyro4tunnel.py -> build/bdist.linux-x86_64/egg/pyro4tunneling
copying build/lib/pyro4tunneling/util.py -> build/bdist.linux-x86_64/egg/pyro4tunneling
byte-compiling build/bdist.linux-x86_64/egg/pyro4tunneling/configuration.py to configuration.cpython-35.pyc
byte-compiling build/bdist.linux-x86_64/egg/pyro4tunneling/autoreconnectingproxy.py to autoreconnectingproxy.cpython-35.pyc
byte-compiling build/bdist.linux-x86_64/egg/pyro4tunneling/__init__.py to __init__.cpython-35.pyc
byte-compiling build/bdist.linux-x86_64/egg/pyro4tunneling/pyro4tunnel.py to pyro4tunnel.cpython-35.pyc
byte-compiling build/bdist.linux-x86_64/egg/pyro4tunneling/util.py to util.cpython-35.pyc
installing package data to build/bdist.linux-x86_64/egg
running install_data
copying LICENSE -> build/bdist.linux-x86_64/egg/
creating build/bdist.linux-x86_64/egg/EGG-INFO
copying pyro4tunneling.egg-info/PKG-INFO -> build/bdist.linux-x86_64/egg/EGG-INFO
copying pyro4tunneling.egg-info/SOURCES.txt -> build/bdist.linux-x86_64/egg/EGG-INFO
copying pyro4tunneling.egg-info/dependency_links.txt -> build/bdist.linux-x86_64/egg/EGG-INFO
copying pyro4tunneling.egg-info/requires.txt -> build/bdist.linux-x86_64/egg/EGG-INFO
copying pyro4tunneling.egg-info/top_level.txt -> build/bdist.linux-x86_64/egg/EGG-INFO
zip_safe flag not set; analyzing archive contents...
creating 'dist/pyro4tunneling-0.1.0-py3.5.egg' and adding 'build/bdist.linux-x86_64/egg' to it
removing 'build/bdist.linux-x86_64/egg' (and everything under it)
Processing pyro4tunneling-0.1.0-py3.5.egg
Copying pyro4tunneling-0.1.0-py3.5.egg to /home/dean/python-envs/tams-gui-py3/lib/python3.5/site-packages
Adding pyro4tunneling 0.1.0 to easy-install.pth file

Installed /home/dean/python-envs/tams-gui-py3/lib/python3.5/site-packages/pyro4tunneling-0.1.0-py3.5.egg
Processing dependencies for pyro4tunneling==0.1.0
Searching for Pyro4==4.60
Best match: Pyro4 4.60
Adding Pyro4 4.60 to easy-install.pth file
Installing pyro4-httpgateway script to /home/dean/python-envs/tams-gui-py3/bin
Installing pyro4-check-config script to /home/dean/python-envs/tams-gui-py3/bin
Installing pyro4-ns script to /home/dean/python-envs/tams-gui-py3/bin
Installing pyro4-nsc script to /home/dean/python-envs/tams-gui-py3/bin
Installing pyro4-flameserver script to /home/dean/python-envs/tams-gui-py3/bin
Installing pyro4-test-echoserver script to /home/dean/python-envs/tams-gui-py3/bin

Using /home/dean/python-envs/tams-gui-py3/lib/python3.5/site-packages
Searching for serpent==1.22
Best match: serpent 1.22
Adding serpent 1.22 to easy-install.pth file

Using /home/dean/python-envs/tams-gui-py3/lib/python3.5/site-packages
Finished processing dependencies for pyro4tunneling==0.1.0
writing list of installed files to '/home/dean/python-stuff/pyro4tunneling/install_files_pyro4tunneling.txt'
